<?xml version="1.0" encoding="UTF-8"?>
<testng-results ignored="0" total="6" passed="6" failed="0" skipped="0">
  <reporter-output>
  </reporter-output>
  <suite started-at="2022-11-07T09:10:08Z" name="Default suite" finished-at="2022-11-07T09:10:10Z" duration-ms="2853">
    <groups>
      <group name="cucumber">
        <method signature="AbstractTestNGCucumberTests.runScenario(io.cucumber.testng.PickleWrapper, io.cucumber.testng.FeatureWrapper)[pri:0, instance:runner.Runner@409c54f]" name="runScenario" class="io.cucumber.testng.AbstractTestNGCucumberTests"/>
      </group> <!-- cucumber -->
    </groups>
    <test started-at="2022-11-07T09:10:08Z" name="Default test" finished-at="2022-11-07T09:10:10Z" duration-ms="2853">
      <class name="runner.Runner">
        <test-method is-config="true" signature="setUpClass()[pri:0, instance:runner.Runner@409c54f]" started-at="2022-11-07T09:10:08Z" name="setUpClass" finished-at="2022-11-07T09:10:08Z" duration-ms="540" status="PASS">
          <reporter-output>
          </reporter-output>
        </test-method> <!-- setUpClass -->
        <test-method signature="runScenario(io.cucumber.testng.PickleWrapper, io.cucumber.testng.FeatureWrapper)[pri:0, instance:runner.Runner@409c54f]" started-at="2022-11-07T09:10:08Z" name="runScenario" description="Runs Cucumber Scenarios" data-provider="scenarios" finished-at="2022-11-07T09:10:10Z" duration-ms="1596" status="PASS">
          <params>
            <param index="0">
              <value>
                <![CDATA["User wanted to deleted the id data from databasee"]]>
              </value>
            </param>
            <param index="1">
              <value>
                <![CDATA["Optional[user is surely able to deleting ids from database]"]]>
              </value>
            </param>
          </params>
          <reporter-output>
          </reporter-output>
        </test-method> <!-- runScenario -->
        <test-method signature="runScenario(io.cucumber.testng.PickleWrapper, io.cucumber.testng.FeatureWrapper)[pri:0, instance:runner.Runner@409c54f]" started-at="2022-11-07T09:10:10Z" name="runScenario" description="Runs Cucumber Scenarios" data-provider="scenarios" finished-at="2022-11-07T09:10:10Z" duration-ms="26" status="PASS">
          <params>
            <param index="0">
              <value>
                <![CDATA["user wants to delete the admin id from database"]]>
              </value>
            </param>
            <param index="1">
              <value>
                <![CDATA["Optional[delete admin]"]]>
              </value>
            </param>
          </params>
          <reporter-output>
          </reporter-output>
        </test-method> <!-- runScenario -->
        <test-method signature="runScenario(io.cucumber.testng.PickleWrapper, io.cucumber.testng.FeatureWrapper)[pri:0, instance:runner.Runner@409c54f]" started-at="2022-11-07T09:10:10Z" name="runScenario" description="Runs Cucumber Scenarios" data-provider="scenarios" finished-at="2022-11-07T09:10:10Z" duration-ms="25" status="PASS">
          <params>
            <param index="0">
              <value>
                <![CDATA["User Wants To get get the id from database"]]>
              </value>
            </param>
            <param index="1">
              <value>
                <![CDATA["Optional[User is able to receive data]"]]>
              </value>
            </param>
          </params>
          <reporter-output>
          </reporter-output>
        </test-method> <!-- runScenario -->
        <test-method signature="runScenario(io.cucumber.testng.PickleWrapper, io.cucumber.testng.FeatureWrapper)[pri:0, instance:runner.Runner@409c54f]" started-at="2022-11-07T09:10:10Z" name="runScenario" description="Runs Cucumber Scenarios" data-provider="scenarios" finished-at="2022-11-07T09:10:10Z" duration-ms="211" status="PASS">
          <params>
            <param index="0">
              <value>
                <![CDATA["User Wanted the mOst the daata from database"]]>
              </value>
            </param>
            <param index="1">
              <value>
                <![CDATA["Optional[get the datat by opassing foodoredre id]"]]>
              </value>
            </param>
          </params>
          <reporter-output>
          </reporter-output>
        </test-method> <!-- runScenario -->
        <test-method signature="runScenario(io.cucumber.testng.PickleWrapper, io.cucumber.testng.FeatureWrapper)[pri:0, instance:runner.Runner@409c54f]" started-at="2022-11-07T09:10:10Z" name="runScenario" description="Runs Cucumber Scenarios" data-provider="scenarios" finished-at="2022-11-07T09:10:10Z" duration-ms="386" status="PASS">
          <params>
            <param index="0">
              <value>
                <![CDATA["User wants to post the data"]]>
              </value>
            </param>
            <param index="1">
              <value>
                <![CDATA["Optional[Post Request Of Admin]"]]>
              </value>
            </param>
          </params>
          <reporter-output>
          </reporter-output>
        </test-method> <!-- runScenario -->
        <test-method signature="runScenario(io.cucumber.testng.PickleWrapper, io.cucumber.testng.FeatureWrapper)[pri:0, instance:runner.Runner@409c54f]" started-at="2022-11-07T09:10:10Z" name="runScenario" description="Runs Cucumber Scenarios" data-provider="scenarios" finished-at="2022-11-07T09:10:10Z" duration-ms="7" status="PASS">
          <params>
            <param index="0">
              <value>
                <![CDATA["user wants to data post the in database"]]>
              </value>
            </param>
            <param index="1">
              <value>
                <![CDATA["Optional[post request of foodorders]"]]>
              </value>
            </param>
          </params>
          <reporter-output>
          </reporter-output>
        </test-method> <!-- runScenario -->
        <test-method is-config="true" signature="tearDownClass()[pri:0, instance:runner.Runner@409c54f]" started-at="2022-11-07T09:10:10Z" name="tearDownClass" finished-at="2022-11-07T09:10:10Z" duration-ms="33" status="PASS">
          <reporter-output>
          </reporter-output>
        </test-method> <!-- tearDownClass -->
      </class> <!-- runner.Runner -->
    </test> <!-- Default test -->
  </suite> <!-- Default suite -->
</testng-results>
